#
# There is insufficient memory for the Java Runtime Environment to continue.
# Native memory allocation (malloc) failed to allocate 1484224 bytes for Chunk::new
# Possible reasons:
#   The system is out of physical RAM or swap space
#   The process is running with CompressedOops enabled, and the Java Heap may be blocking the growth of the native heap
# Possible solutions:
#   Reduce memory load on the system
#   Increase physical memory or swap space
#   Check if swap backing store is full
#   Decrease Java heap size (-Xmx/-Xms)
#   Decrease number of Java threads
#   Decrease Java thread stack sizes (-Xss)
#   Set larger code cache with -XX:ReservedCodeCacheSize=
#   JVM is running with Unscaled Compressed Oops mode in which the Java heap is
#     placed in the first 4GB address space. The Java Heap base address is the
#     maximum limit for the native heap growth. Please use -XX:HeapBaseMinAddress
#     to set the Java Heap base and to place the Java Heap above 4GB virtual address.
# This output file may be truncated or incomplete.
#
#  Out of Memory Error (arena.cpp:191), pid=15576, tid=6664
#
# JRE version: OpenJDK Runtime Environment Temurin-17.0.9+9 (17.0.9+9) (build 17.0.9+9)
# Java VM: OpenJDK 64-Bit Server VM Temurin-17.0.9+9 (17.0.9+9, mixed mode, tiered, compressed oops, compressed class ptrs, parallel gc, windows-amd64)
# No core dump will be written. Minidumps are not enabled by default on client versions of Windows
#

---------------  S U M M A R Y ------------

Command Line: --add-modules=ALL-SYSTEM --add-opens=java.base/java.util=ALL-UNNAMED --add-opens=java.base/java.lang=ALL-UNNAMED --add-opens=java.base/sun.nio.fs=ALL-UNNAMED -Declipse.application=org.eclipse.jdt.ls.core.id1 -Dosgi.bundles.defaultStartLevel=4 -Declipse.product=org.eclipse.jdt.ls.core.product -Djava.import.generatesMetadataFilesAtProjectRoot=false -DDetectVMInstallationsJob.disabled=true -Dfile.encoding=utf8 -XX:+UseParallelGC -XX:GCTimeRatio=4 -XX:AdaptiveSizePolicyWeight=90 -Dsun.zip.disableMemoryMapping=true -Xmx1G -Xms100m -Xlog:disable -javaagent:c:\Users\Linus Torvaldes\.vscode\extensions\redhat.java-1.25.1-win32-x64\lombok\lombok-1.18.30.jar -XX:+HeapDumpOnOutOfMemoryError -XX:HeapDumpPath=c:\Users\Linus Torvaldes\AppData\Roaming\Code\User\workspaceStorage\a2505892c42f7b9f55e771f11512b4d2\redhat.java -Daether.dependencyCollector.impl=bf c:\Users\Linus Torvaldes\.vscode\extensions\redhat.java-1.25.1-win32-x64\server\plugins\org.eclipse.equinox.launcher_1.6.600.v20231106-1826.jar -configuration c:\Users\Linus Torvaldes\AppData\Roaming\Code\User\globalStorage\redhat.java\1.25.1\config_win -data c:\Users\Linus Torvaldes\AppData\Roaming\Code\User\workspaceStorage\a2505892c42f7b9f55e771f11512b4d2\redhat.java\jdt_ws --stdio

Host: Intel(R) Core(TM) i5-5300U CPU @ 2.30GHz, 4 cores, 7G,  Windows 10 , 64 bit Build 19041 (10.0.19041.3031)
Time: Mon Dec 25 23:47:45 2023 Morocco Daylight Time elapsed time: 48.260795 seconds (0d 0h 0m 48s)

---------------  T H R E A D  ---------------

Current thread (0x000001873005b9f0):  JavaThread "C2 CompilerThread1" daemon [_thread_in_native, id=6664, stack(0x0000003d7b800000,0x0000003d7b900000)]


Current CompileTask:
C2:  48260 8517   !   4       org.codehaus.plexus.interpolation.StringSearchInterpolator::interpolate (668 bytes)

Stack: [0x0000003d7b800000,0x0000003d7b900000]
Native frames: (J=compiled Java code, j=interpreted, Vv=VM code, C=native code)
V  [jvm.dll+0x67cf49]
V  [jvm.dll+0x83478a]
V  [jvm.dll+0x83624e]
V  [jvm.dll+0x8368b3]
V  [jvm.dll+0x247f1f]
V  [jvm.dll+0xac43c]
V  [jvm.dll+0xaca8c]
V  [jvm.dll+0x367067]
V  [jvm.dll+0x3313ba]
V  [jvm.dll+0x33085a]
V  [jvm.dll+0x21a5b1]
V  [jvm.dll+0x2199d1]
V  [jvm.dll+0x1a57cd]
V  [jvm.dll+0x2297ae]
V  [jvm.dll+0x22797c]
V  [jvm.dll+0x7e9877]
V  [jvm.dll+0x7e3c3a]
V  [jvm.dll+0x67be35]
C  [ucrtbase.dll+0x21bb2]
C  [KERNEL32.DLL+0x17614]
C  [ntdll.dll+0x526f1]


---------------  P R O C E S S  ---------------

Threads class SMR info:
_java_thread_list=0x00000187302216c0, length=36, elements={
0x00000187159e01e0, 0x0000018715a92fa0, 0x0000018715a94820, 0x0000018729847680,
0x0000018729848210, 0x0000018729848da0, 0x0000018729849670, 0x000001872984a320,
0x000001872987cd40, 0x000001872987da00, 0x000001872ea661b0, 0x000001872ec90b70,
0x000001872f7074b0, 0x000001872f4cace0, 0x000001872f4a9020, 0x000001872f129790,
0x000001872eeffa70, 0x000001872ecca530, 0x000001872ecc8be0, 0x000001872ecc9b10,
0x000001872ecca020, 0x000001872eccb460, 0x000001872eccaf50, 0x000001872eccb970,
0x000001872ecc9600, 0x0000018730053e30, 0x0000018730055270, 0x0000018730054d60,
0x0000018730058f30, 0x0000018730056bc0, 0x000001873005b9f0, 0x0000018730059440,
0x0000018730059950, 0x0000018730057af0, 0x0000018730059e60, 0x0000018730054340
}

Java Threads: ( => current thread )
  0x00000187159e01e0 JavaThread "main" [_thread_blocked, id=8624, stack(0x0000003d79300000,0x0000003d79400000)]
  0x0000018715a92fa0 JavaThread "Reference Handler" daemon [_thread_blocked, id=15296, stack(0x0000003d79600000,0x0000003d79700000)]
  0x0000018715a94820 JavaThread "Finalizer" daemon [_thread_blocked, id=13996, stack(0x0000003d79700000,0x0000003d79800000)]
  0x0000018729847680 JavaThread "Signal Dispatcher" daemon [_thread_blocked, id=2300, stack(0x0000003d79800000,0x0000003d79900000)]
  0x0000018729848210 JavaThread "Attach Listener" daemon [_thread_blocked, id=13276, stack(0x0000003d79900000,0x0000003d79a00000)]
  0x0000018729848da0 JavaThread "Service Thread" daemon [_thread_blocked, id=6280, stack(0x0000003d79a00000,0x0000003d79b00000)]
  0x0000018729849670 JavaThread "Monitor Deflation Thread" daemon [_thread_blocked, id=2544, stack(0x0000003d79b00000,0x0000003d79c00000)]
  0x000001872984a320 JavaThread "C2 CompilerThread0" daemon [_thread_in_native, id=8492, stack(0x0000003d79c00000,0x0000003d79d00000)]
  0x000001872987cd40 JavaThread "C1 CompilerThread0" daemon [_thread_blocked, id=14704, stack(0x0000003d79d00000,0x0000003d79e00000)]
  0x000001872987da00 JavaThread "Sweeper thread" daemon [_thread_blocked, id=10636, stack(0x0000003d79e00000,0x0000003d79f00000)]
  0x000001872ea661b0 JavaThread "Common-Cleaner" daemon [_thread_blocked, id=9760, stack(0x0000003d79f00000,0x0000003d7a000000)]
  0x000001872ec90b70 JavaThread "Notification Thread" daemon [_thread_blocked, id=13776, stack(0x0000003d7a000000,0x0000003d7a100000)]
  0x000001872f7074b0 JavaThread "Active Thread: Equinox Container: ace93fa4-5f2b-4c21-ac9d-2ae58c5f3e43" [_thread_blocked, id=3724, stack(0x0000003d7a500000,0x0000003d7a600000)]
  0x000001872f4cace0 JavaThread "Framework Event Dispatcher: Equinox Container: ace93fa4-5f2b-4c21-ac9d-2ae58c5f3e43" daemon [_thread_blocked, id=15536, stack(0x0000003d7a600000,0x0000003d7a700000)]
  0x000001872f4a9020 JavaThread "Start Level: Equinox Container: ace93fa4-5f2b-4c21-ac9d-2ae58c5f3e43" daemon [_thread_blocked, id=18180, stack(0x0000003d7a700000,0x0000003d7a800000)]
  0x000001872f129790 JavaThread "Bundle File Closer" daemon [_thread_blocked, id=17480, stack(0x0000003d7a800000,0x0000003d7a900000)]
  0x000001872eeffa70 JavaThread "SCR Component Actor" daemon [_thread_blocked, id=3332, stack(0x0000003d7a900000,0x0000003d7aa00000)]
  0x000001872ecca530 JavaThread "Worker-JM" [_thread_blocked, id=1920, stack(0x0000003d7ab00000,0x0000003d7ac00000)]
  0x000001872ecc8be0 JavaThread "Worker-0: Update project car-service" [_thread_blocked, id=18300, stack(0x0000003d7ac00000,0x0000003d7ad00000)]
  0x000001872ecc9b10 JavaThread "Worker-1: Synchronizing projects" [_thread_blocked, id=6756, stack(0x0000003d7ad00000,0x0000003d7ae00000)]
  0x000001872ecca020 JavaThread "Worker-2" [_thread_blocked, id=15252, stack(0x0000003d7ae00000,0x0000003d7af00000)]
  0x000001872eccb460 JavaThread "Java indexing" daemon [_thread_blocked, id=11308, stack(0x0000003d7b000000,0x0000003d7b100000)]
  0x000001872eccaf50 JavaThread "JNA Cleaner" daemon [_thread_blocked, id=18048, stack(0x0000003d7aa00000,0x0000003d7ab00000)]
  0x000001872eccb970 JavaThread "pool-2-thread-1" [_thread_blocked, id=9508, stack(0x0000003d7b200000,0x0000003d7b300000)]
  0x000001872ecc9600 JavaThread "WorkspaceEventsHandler" [_thread_blocked, id=12304, stack(0x0000003d7b400000,0x0000003d7b500000)]
  0x0000018730053e30 JavaThread "pool-1-thread-1" [_thread_in_native, id=17216, stack(0x0000003d7b500000,0x0000003d7b600000)]
  0x0000018730055270 JavaThread "Worker-3: Synchronizing projects" [_thread_blocked, id=7900, stack(0x0000003d7b300000,0x0000003d7b400000)]
  0x0000018730054d60 JavaThread "Worker-4: Refreshing workspace" [_thread_blocked, id=12848, stack(0x0000003d7b600000,0x0000003d7b700000)]
  0x0000018730058f30 JavaThread "Worker-5: Initialize workspace" [_thread_blocked, id=7308, stack(0x0000003d7b700000,0x0000003d7b800000)]
  0x0000018730056bc0 JavaThread "Worker-6" [_thread_blocked, id=17664, stack(0x0000003d7b900000,0x0000003d7ba00000)]
=>0x000001873005b9f0 JavaThread "C2 CompilerThread1" daemon [_thread_in_native, id=6664, stack(0x0000003d7b800000,0x0000003d7b900000)]
  0x0000018730059440 JavaThread "ParallelDescriptorResolver-1-0" daemon [_thread_blocked, id=12476, stack(0x0000003d7ba00000,0x0000003d7bb00000)]
  0x0000018730059950 JavaThread "ParallelDescriptorResolver-1-1" daemon [_thread_in_native, id=7608, stack(0x0000003d7bb00000,0x0000003d7bc00000)]
  0x0000018730057af0 JavaThread "ParallelDescriptorResolver-1-2" daemon [_thread_in_native, id=17964, stack(0x0000003d7bc00000,0x0000003d7bd00000)]
  0x0000018730059e60 JavaThread "ParallelDescriptorResolver-1-3" daemon [_thread_in_Java, id=17272, stack(0x0000003d7bd00000,0x0000003d7be00000)]
  0x0000018730054340 JavaThread "ParallelDescriptorResolver-1-4" daemon [_thread_in_native, id=10472, stack(0x0000003d7be00000,0x0000003d7bf00000)]

Other Threads:
  0x000001872980b920 VMThread "VM Thread" [stack: 0x0000003d79500000,0x0000003d79600000] [id=17916]
  0x000001872ec91050 WatcherThread [stack: 0x0000003d7a100000,0x0000003d7a200000] [id=11356]
  0x00000187159f7990 GCTaskThread "GC Thread#0" [stack: 0x0000003d79400000,0x0000003d79500000] [id=13196]
  0x000001872f1bdff0 GCTaskThread "GC Thread#1" [stack: 0x0000003d7a200000,0x0000003d7a300000] [id=16376]
  0x000001872f028e60 GCTaskThread "GC Thread#2" [stack: 0x0000003d7a300000,0x0000003d7a400000] [id=8632]
  0x000001872f029120 GCTaskThread "GC Thread#3" [stack: 0x0000003d7a400000,0x0000003d7a500000] [id=14508]

Threads with active compile tasks:
C2 CompilerThread0    48331 8632   !   4       org.apache.maven.model.Plugin::clone (204 bytes)
C2 CompilerThread1    48331 8517   !   4       org.codehaus.plexus.interpolation.StringSearchInterpolator::interpolate (668 bytes)

VM state: not at safepoint (normal execution)

VM Mutex/Monitor currently owned by a thread:  ([mutex/lock_event])
[0x00000187159dc850] Heap_lock - owner thread: 0x0000018730059440

Heap address: 0x00000000c0000000, size: 1024 MB, Compressed Oops mode: 32-bit

CDS archive(s) not mapped
Compressed class space mapped at: 0x0000000100000000-0x0000000140000000, reserved size: 1073741824
Narrow klass base: 0x0000000000000000, Narrow klass shift: 3, Narrow klass range: 0x140000000

GC Precious Log:
 CPUs: 4 total, 4 available
 Memory: 8080M
 Large Page Support: Disabled
 NUMA Support: Disabled
 Compressed Oops: Enabled (32-bit)
 Alignments: Space 512K, Generation 512K, Heap 2M
 Heap Min Capacity: 100M
 Heap Initial Capacity: 100M
 Heap Max Capacity: 1G
 Pre-touch: Disabled
 Parallel Workers: 4

Heap:
 PSYoungGen      total 22016K, used 2343K [0x00000000eab00000, 0x00000000ec280000, 0x0000000100000000)
  eden space 20480K, 3% used [0x00000000eab00000,0x00000000eabc9fa0,0x00000000ebf00000)
  from space 1536K, 100% used [0x00000000ebf00000,0x00000000ec080000,0x00000000ec080000)
  to   space 1024K, 0% used [0x00000000ec080000,0x00000000ec080000,0x00000000ec180000)
 ParOldGen       total 68608K, used 40730K [0x00000000c0000000, 0x00000000c4300000, 0x00000000eab00000)
  object space 68608K, 59% used [0x00000000c0000000,0x00000000c27c6b80,0x00000000c4300000)
 Metaspace       used 60430K, committed 61632K, reserved 1114112K
  class space    used 6502K, committed 7040K, reserved 1048576K

Card table byte_map: [0x0000018715380000,0x0000018715590000] _byte_map_base: 0x0000018714d80000

Marking Bits: (ParMarkBitMap*) 0x00007ffa4335d0b0
 Begin Bits: [0x0000018727680000, 0x0000018728680000)
 End Bits:   [0x0000018728680000, 0x0000018729680000)

Polling page: 0x00000187139c0000

Metaspace:

Usage:
  Non-class:     52.66 MB used.
      Class:      6.35 MB used.
       Both:     59.01 MB used.

Virtual space:
  Non-class space:       64.00 MB reserved,      53.31 MB ( 83%) committed,  1 nodes.
      Class space:        1.00 GB reserved,       6.88 MB ( <1%) committed,  1 nodes.
             Both:        1.06 GB reserved,      60.19 MB (  6%) committed. 

Chunk freelists:
   Non-Class:  10.31 MB
       Class:  9.14 MB
        Both:  19.45 MB

MaxMetaspaceSize: unlimited
CompressedClassSpaceSize: 1.00 GB
Initial GC threshold: 21.00 MB
Current GC threshold: 97.31 MB
CDS: off
MetaspaceReclaimPolicy: balanced
 - commit_granule_bytes: 65536.
 - commit_granule_words: 8192.
 - virtual_space_node_default_size: 8388608.
 - enlarge_chunks_in_place: 1.
 - new_chunks_are_fully_committed: 0.
 - uncommit_free_chunks: 1.
 - use_allocation_guard: 0.
 - handle_deallocations: 1.


Internal statistics:

num_allocs_failed_limit: 9.
num_arena_births: 786.
num_arena_deaths: 14.
num_vsnodes_births: 2.
num_vsnodes_deaths: 0.
num_space_committed: 963.
num_space_uncommitted: 0.
num_chunks_returned_to_freelist: 23.
num_chunks_taken_from_freelist: 3294.
num_chunk_merges: 10.
num_chunk_splits: 1973.
num_chunks_enlarged: 1067.
num_inconsistent_stats: 0.

CodeHeap 'non-profiled nmethods': size=120000Kb used=4821Kb max_used=4821Kb free=115178Kb
 bounds [0x0000018720150000, 0x0000018720610000, 0x0000018727680000]
CodeHeap 'profiled nmethods': size=120000Kb used=16938Kb max_used=16938Kb free=103061Kb
 bounds [0x0000018718680000, 0x0000018719710000, 0x000001871fbb0000]
CodeHeap 'non-nmethods': size=5760Kb used=1311Kb max_used=1352Kb free=4448Kb
 bounds [0x000001871fbb0000, 0x000001871fe20000, 0x0000018720150000]
 total_blobs=8493 nmethods=7847 adapters=560
 compilation: enabled
              stopped_count=0, restarted_count=0
 full_count=0

Compilation events (20 events):
Event: 48.232 Thread 0x000001872987cd40 nmethod 8625 0x00000187196f2690 code [0x00000187196f2860, 0x00000187196f2c38]
Event: 48.232 Thread 0x000001872987cd40 8626       3       org.eclipse.aether.internal.impl.filter.GroupIdRemoteRepositoryFilterSource::postProcess (167 bytes)
Event: 48.234 Thread 0x000001872984a320 8629       4       java.util.ArrayList::<init> (63 bytes)
Event: 48.236 Thread 0x000001872987cd40 nmethod 8626 0x00000187196f2d90 code [0x00000187196f3200, 0x00000187196f5638]
Event: 48.236 Thread 0x000001872987cd40 8628       3       org.codehaus.plexus.util.xml.pull.MXParser::parseXmlDecl (265 bytes)
Event: 48.238 Thread 0x000001872984a320 nmethod 8629 0x0000018720603e10 code [0x0000018720603fa0, 0x0000018720604198]
Event: 48.239 Thread 0x000001872987cd40 nmethod 8628 0x00000187196f6290 code [0x00000187196f6720, 0x00000187196f8548]
Event: 48.239 Thread 0x000001872987cd40 8630   !   3       org.codehaus.plexus.util.xml.pull.MXParser::parsePI (795 bytes)
Event: 48.243 Thread 0x000001872984a320 8632   !   4       org.apache.maven.model.Plugin::clone (204 bytes)
Event: 48.244 Thread 0x000001872987cd40 nmethod 8630 0x00000187196f8e90 code [0x00000187196f93a0, 0x00000187196fba48]
Event: 48.244 Thread 0x000001872987cd40 8631       3       org.apache.maven.model.building.ModelData::getArtifactId (17 bytes)
Event: 48.245 Thread 0x000001872987cd40 nmethod 8631 0x00000187196fcd10 code [0x00000187196fcea0, 0x00000187196fd038]
Event: 48.245 Thread 0x000001872987cd40 8627       3       org.eclipse.aether.internal.impl.resolution.ArtifactResolverPostProcessorSupport::postProcess (15 bytes)
Event: 48.245 Thread 0x000001872987cd40 nmethod 8627 0x00000187196fd110 code [0x00000187196fd2c0, 0x00000187196fd518]
Event: 48.245 Thread 0x000001872987cd40 8634       3       org.apache.maven.model.Build::<init> (5 bytes)
Event: 48.245 Thread 0x000001872987cd40 nmethod 8634 0x00000187196fd610 code [0x00000187196fd7c0, 0x00000187196fda38]
Event: 48.245 Thread 0x000001872987cd40 8635       3       org.apache.maven.model.Reporting::getLocation (176 bytes)
Event: 48.247 Thread 0x000001872987cd40 nmethod 8635 0x00000187196fdb90 code [0x00000187196fde20, 0x00000187196feb28]
Event: 48.248 Thread 0x000001872987cd40 8636       1       org.apache.maven.repository.internal.DefaultModelCache$Key::hashCode (5 bytes)
Event: 48.248 Thread 0x000001872987cd40 nmethod 8636 0x0000018720604310 code [0x00000187206044a0, 0x0000018720604578]

GC Heap History (20 events):
Event: 38.651 GC heap before
{Heap before GC invocations=24 (full 2):
 PSYoungGen      total 23552K, used 23296K [0x00000000eab00000, 0x00000000ec480000, 0x0000000100000000)
  eden space 20992K, 100% used [0x00000000eab00000,0x00000000ebf80000,0x00000000ebf80000)
  from space 2560K, 90% used [0x00000000ebf80000,0x00000000ec1c0000,0x00000000ec200000)
  to   space 2560K, 0% used [0x00000000ec200000,0x00000000ec200000,0x00000000ec480000)
 ParOldGen       total 68608K, used 28855K [0x00000000c0000000, 0x00000000c4300000, 0x00000000eab00000)
  object space 68608K, 42% used [0x00000000c0000000,0x00000000c1c2dd80,0x00000000c4300000)
 Metaspace       used 52680K, committed 53760K, reserved 1114112K
  class space    used 5695K, committed 6208K, reserved 1048576K
}
Event: 38.657 GC heap after
{Heap after GC invocations=24 (full 2):
 PSYoungGen      total 23552K, used 2336K [0x00000000eab00000, 0x00000000ec480000, 0x0000000100000000)
  eden space 20992K, 0% used [0x00000000eab00000,0x00000000eab00000,0x00000000ebf80000)
  from space 2560K, 91% used [0x00000000ec200000,0x00000000ec448010,0x00000000ec480000)
  to   space 2560K, 0% used [0x00000000ebf80000,0x00000000ebf80000,0x00000000ec200000)
 ParOldGen       total 68608K, used 31135K [0x00000000c0000000, 0x00000000c4300000, 0x00000000eab00000)
  object space 68608K, 45% used [0x00000000c0000000,0x00000000c1e67d80,0x00000000c4300000)
 Metaspace       used 52680K, committed 53760K, reserved 1114112K
  class space    used 5695K, committed 6208K, reserved 1048576K
}
Event: 40.630 GC heap before
{Heap before GC invocations=25 (full 2):
 PSYoungGen      total 23552K, used 23328K [0x00000000eab00000, 0x00000000ec480000, 0x0000000100000000)
  eden space 20992K, 100% used [0x00000000eab00000,0x00000000ebf80000,0x00000000ebf80000)
  from space 2560K, 91% used [0x00000000ec200000,0x00000000ec448010,0x00000000ec480000)
  to   space 2560K, 0% used [0x00000000ebf80000,0x00000000ebf80000,0x00000000ec200000)
 ParOldGen       total 68608K, used 31135K [0x00000000c0000000, 0x00000000c4300000, 0x00000000eab00000)
  object space 68608K, 45% used [0x00000000c0000000,0x00000000c1e67d80,0x00000000c4300000)
 Metaspace       used 53692K, committed 54848K, reserved 1114112K
  class space    used 5782K, committed 6336K, reserved 1048576K
}
Event: 40.636 GC heap after
{Heap after GC invocations=25 (full 2):
 PSYoungGen      total 23552K, used 2167K [0x00000000eab00000, 0x00000000ec480000, 0x0000000100000000)
  eden space 20992K, 0% used [0x00000000eab00000,0x00000000eab00000,0x00000000ebf80000)
  from space 2560K, 84% used [0x00000000ebf80000,0x00000000ec19dfc8,0x00000000ec200000)
  to   space 2560K, 0% used [0x00000000ec200000,0x00000000ec200000,0x00000000ec480000)
 ParOldGen       total 68608K, used 33434K [0x00000000c0000000, 0x00000000c4300000, 0x00000000eab00000)
  object space 68608K, 48% used [0x00000000c0000000,0x00000000c20a6968,0x00000000c4300000)
 Metaspace       used 53692K, committed 54848K, reserved 1114112K
  class space    used 5782K, committed 6336K, reserved 1048576K
}
Event: 42.001 GC heap before
{Heap before GC invocations=26 (full 2):
 PSYoungGen      total 23552K, used 23119K [0x00000000eab00000, 0x00000000ec480000, 0x0000000100000000)
  eden space 20992K, 99% used [0x00000000eab00000,0x00000000ebf75fe8,0x00000000ebf80000)
  from space 2560K, 84% used [0x00000000ebf80000,0x00000000ec19dfc8,0x00000000ec200000)
  to   space 2560K, 0% used [0x00000000ec200000,0x00000000ec200000,0x00000000ec480000)
 ParOldGen       total 68608K, used 33434K [0x00000000c0000000, 0x00000000c4300000, 0x00000000eab00000)
  object space 68608K, 48% used [0x00000000c0000000,0x00000000c20a6968,0x00000000c4300000)
 Metaspace       used 54986K, committed 56128K, reserved 1114112K
  class space    used 5922K, committed 6464K, reserved 1048576K
}
Event: 42.008 GC heap after
{Heap after GC invocations=26 (full 2):
 PSYoungGen      total 23552K, used 1979K [0x00000000eab00000, 0x00000000ec480000, 0x0000000100000000)
  eden space 20992K, 0% used [0x00000000eab00000,0x00000000eab00000,0x00000000ebf80000)
  from space 2560K, 77% used [0x00000000ec200000,0x00000000ec3eed60,0x00000000ec480000)
  to   space 2560K, 0% used [0x00000000ebf80000,0x00000000ebf80000,0x00000000ec200000)
 ParOldGen       total 68608K, used 35564K [0x00000000c0000000, 0x00000000c4300000, 0x00000000eab00000)
  object space 68608K, 51% used [0x00000000c0000000,0x00000000c22bb058,0x00000000c4300000)
 Metaspace       used 54986K, committed 56128K, reserved 1114112K
  class space    used 5922K, committed 6464K, reserved 1048576K
}
Event: 43.005 GC heap before
{Heap before GC invocations=27 (full 2):
 PSYoungGen      total 23552K, used 22971K [0x00000000eab00000, 0x00000000ec480000, 0x0000000100000000)
  eden space 20992K, 100% used [0x00000000eab00000,0x00000000ebf80000,0x00000000ebf80000)
  from space 2560K, 77% used [0x00000000ec200000,0x00000000ec3eed60,0x00000000ec480000)
  to   space 2560K, 0% used [0x00000000ebf80000,0x00000000ebf80000,0x00000000ec200000)
 ParOldGen       total 68608K, used 35564K [0x00000000c0000000, 0x00000000c4300000, 0x00000000eab00000)
  object space 68608K, 51% used [0x00000000c0000000,0x00000000c22bb058,0x00000000c4300000)
 Metaspace       used 56210K, committed 57344K, reserved 1114112K
  class space    used 6041K, committed 6528K, reserved 1048576K
}
Event: 43.011 GC heap after
{Heap after GC invocations=27 (full 2):
 PSYoungGen      total 23040K, used 1991K [0x00000000eab00000, 0x00000000ec380000, 0x0000000100000000)
  eden space 20992K, 0% used [0x00000000eab00000,0x00000000eab00000,0x00000000ebf80000)
  from space 2048K, 97% used [0x00000000ebf80000,0x00000000ec171d28,0x00000000ec180000)
  to   space 2048K, 0% used [0x00000000ec180000,0x00000000ec180000,0x00000000ec380000)
 ParOldGen       total 68608K, used 37006K [0x00000000c0000000, 0x00000000c4300000, 0x00000000eab00000)
  object space 68608K, 53% used [0x00000000c0000000,0x00000000c2423b00,0x00000000c4300000)
 Metaspace       used 56210K, committed 57344K, reserved 1114112K
  class space    used 6041K, committed 6528K, reserved 1048576K
}
Event: 44.133 GC heap before
{Heap before GC invocations=28 (full 2):
 PSYoungGen      total 23040K, used 22983K [0x00000000eab00000, 0x00000000ec380000, 0x0000000100000000)
  eden space 20992K, 100% used [0x00000000eab00000,0x00000000ebf80000,0x00000000ebf80000)
  from space 2048K, 97% used [0x00000000ebf80000,0x00000000ec171d28,0x00000000ec180000)
  to   space 2048K, 0% used [0x00000000ec180000,0x00000000ec180000,0x00000000ec380000)
 ParOldGen       total 68608K, used 37006K [0x00000000c0000000, 0x00000000c4300000, 0x00000000eab00000)
  object space 68608K, 53% used [0x00000000c0000000,0x00000000c2423b00,0x00000000c4300000)
 Metaspace       used 57065K, committed 58176K, reserved 1114112K
  class space    used 6133K, committed 6656K, reserved 1048576K
}
Event: 44.138 GC heap after
{Heap after GC invocations=28 (full 2):
 PSYoungGen      total 22528K, used 1168K [0x00000000eab00000, 0x00000000ec300000, 0x0000000100000000)
  eden space 20992K, 0% used [0x00000000eab00000,0x00000000eab00000,0x00000000ebf80000)
  from space 1536K, 76% used [0x00000000ec180000,0x00000000ec2a4010,0x00000000ec300000)
  to   space 1536K, 0% used [0x00000000ec000000,0x00000000ec000000,0x00000000ec180000)
 ParOldGen       total 68608K, used 38893K [0x00000000c0000000, 0x00000000c4300000, 0x00000000eab00000)
  object space 68608K, 56% used [0x00000000c0000000,0x00000000c25fb5e0,0x00000000c4300000)
 Metaspace       used 57065K, committed 58176K, reserved 1114112K
  class space    used 6133K, committed 6656K, reserved 1048576K
}
Event: 45.593 GC heap before
{Heap before GC invocations=29 (full 2):
 PSYoungGen      total 22528K, used 22160K [0x00000000eab00000, 0x00000000ec300000, 0x0000000100000000)
  eden space 20992K, 100% used [0x00000000eab00000,0x00000000ebf80000,0x00000000ebf80000)
  from space 1536K, 76% used [0x00000000ec180000,0x00000000ec2a4010,0x00000000ec300000)
  to   space 1536K, 0% used [0x00000000ec000000,0x00000000ec000000,0x00000000ec180000)
 ParOldGen       total 68608K, used 38893K [0x00000000c0000000, 0x00000000c4300000, 0x00000000eab00000)
  object space 68608K, 56% used [0x00000000c0000000,0x00000000c25fb5e0,0x00000000c4300000)
 Metaspace       used 57552K, committed 58688K, reserved 1114112K
  class space    used 6220K, committed 6720K, reserved 1048576K
}
Event: 45.598 GC heap after
{Heap after GC invocations=29 (full 2):
 PSYoungGen      total 22016K, used 768K [0x00000000eab00000, 0x00000000ec200000, 0x0000000100000000)
  eden space 20992K, 0% used [0x00000000eab00000,0x00000000eab00000,0x00000000ebf80000)
  from space 1024K, 75% used [0x00000000ec000000,0x00000000ec0c0000,0x00000000ec100000)
  to   space 1024K, 0% used [0x00000000ec100000,0x00000000ec100000,0x00000000ec200000)
 ParOldGen       total 68608K, used 39829K [0x00000000c0000000, 0x00000000c4300000, 0x00000000eab00000)
  object space 68608K, 58% used [0x00000000c0000000,0x00000000c26e55e0,0x00000000c4300000)
 Metaspace       used 57552K, committed 58688K, reserved 1114112K
  class space    used 6220K, committed 6720K, reserved 1048576K
}
Event: 46.632 GC heap before
{Heap before GC invocations=30 (full 2):
 PSYoungGen      total 22016K, used 21760K [0x00000000eab00000, 0x00000000ec200000, 0x0000000100000000)
  eden space 20992K, 100% used [0x00000000eab00000,0x00000000ebf80000,0x00000000ebf80000)
  from space 1024K, 75% used [0x00000000ec000000,0x00000000ec0c0000,0x00000000ec100000)
  to   space 1024K, 0% used [0x00000000ec100000,0x00000000ec100000,0x00000000ec200000)
 ParOldGen       total 68608K, used 39829K [0x00000000c0000000, 0x00000000c4300000, 0x00000000eab00000)
  object space 68608K, 58% used [0x00000000c0000000,0x00000000c26e55e0,0x00000000c4300000)
 Metaspace       used 58681K, committed 59776K, reserved 1114112K
  class space    used 6340K, committed 6848K, reserved 1048576K
}
Event: 46.636 GC heap after
{Heap after GC invocations=30 (full 2):
 PSYoungGen      total 22016K, used 864K [0x00000000eab00000, 0x00000000ec200000, 0x0000000100000000)
  eden space 20992K, 0% used [0x00000000eab00000,0x00000000eab00000,0x00000000ebf80000)
  from space 1024K, 84% used [0x00000000ec100000,0x00000000ec1d8000,0x00000000ec200000)
  to   space 1024K, 0% used [0x00000000ec000000,0x00000000ec000000,0x00000000ec100000)
 ParOldGen       total 68608K, used 40525K [0x00000000c0000000, 0x00000000c4300000, 0x00000000eab00000)
  object space 68608K, 59% used [0x00000000c0000000,0x00000000c27935e0,0x00000000c4300000)
 Metaspace       used 58681K, committed 59776K, reserved 1114112K
  class space    used 6340K, committed 6848K, reserved 1048576K
}
Event: 46.683 GC heap before
{Heap before GC invocations=31 (full 2):
 PSYoungGen      total 22016K, used 4572K [0x00000000eab00000, 0x00000000ec200000, 0x0000000100000000)
  eden space 20992K, 17% used [0x00000000eab00000,0x00000000eae9f3a0,0x00000000ebf80000)
  from space 1024K, 84% used [0x00000000ec100000,0x00000000ec1d8000,0x00000000ec200000)
  to   space 1024K, 0% used [0x00000000ec000000,0x00000000ec000000,0x00000000ec100000)
 ParOldGen       total 68608K, used 40525K [0x00000000c0000000, 0x00000000c4300000, 0x00000000eab00000)
  object space 68608K, 59% used [0x00000000c0000000,0x00000000c27935e0,0x00000000c4300000)
 Metaspace       used 58698K, committed 59776K, reserved 1114112K
  class space    used 6343K, committed 6848K, reserved 1048576K
}
Event: 46.689 GC heap after
{Heap after GC invocations=31 (full 2):
 PSYoungGen      total 21504K, used 512K [0x00000000eab00000, 0x00000000ec180000, 0x0000000100000000)
  eden space 20992K, 0% used [0x00000000eab00000,0x00000000eab00000,0x00000000ebf80000)
  from space 512K, 100% used [0x00000000ec000000,0x00000000ec080000,0x00000000ec080000)
  to   space 1024K, 0% used [0x00000000ec080000,0x00000000ec080000,0x00000000ec180000)
 ParOldGen       total 68608K, used 41305K [0x00000000c0000000, 0x00000000c4300000, 0x00000000eab00000)
  object space 68608K, 60% used [0x00000000c0000000,0x00000000c28565f0,0x00000000c4300000)
 Metaspace       used 58698K, committed 59776K, reserved 1114112K
  class space    used 6343K, committed 6848K, reserved 1048576K
}
Event: 46.689 GC heap before
{Heap before GC invocations=32 (full 3):
 PSYoungGen      total 21504K, used 512K [0x00000000eab00000, 0x00000000ec180000, 0x0000000100000000)
  eden space 20992K, 0% used [0x00000000eab00000,0x00000000eab00000,0x00000000ebf80000)
  from space 512K, 100% used [0x00000000ec000000,0x00000000ec080000,0x00000000ec080000)
  to   space 1024K, 0% used [0x00000000ec080000,0x00000000ec080000,0x00000000ec180000)
 ParOldGen       total 68608K, used 41305K [0x00000000c0000000, 0x00000000c4300000, 0x00000000eab00000)
  object space 68608K, 60% used [0x00000000c0000000,0x00000000c28565f0,0x00000000c4300000)
 Metaspace       used 58698K, committed 59776K, reserved 1114112K
  class space    used 6343K, committed 6848K, reserved 1048576K
}
Event: 46.846 GC heap after
{Heap after GC invocations=32 (full 3):
 PSYoungGen      total 21504K, used 0K [0x00000000eab00000, 0x00000000ec180000, 0x0000000100000000)
  eden space 20992K, 0% used [0x00000000eab00000,0x00000000eab00000,0x00000000ebf80000)
  from space 512K, 0% used [0x00000000ec000000,0x00000000ec000000,0x00000000ec080000)
  to   space 1024K, 0% used [0x00000000ec080000,0x00000000ec080000,0x00000000ec180000)
 ParOldGen       total 68608K, used 39049K [0x00000000c0000000, 0x00000000c4300000, 0x00000000eab00000)
  object space 68608K, 56% used [0x00000000c0000000,0x00000000c2622410,0x00000000c4300000)
 Metaspace       used 58698K, committed 59776K, reserved 1114112K
  class space    used 6343K, committed 6848K, reserved 1048576K
}
Event: 47.579 GC heap before
{Heap before GC invocations=33 (full 3):
 PSYoungGen      total 21504K, used 20992K [0x00000000eab00000, 0x00000000ec180000, 0x0000000100000000)
  eden space 20992K, 100% used [0x00000000eab00000,0x00000000ebf80000,0x00000000ebf80000)
  from space 512K, 0% used [0x00000000ec000000,0x00000000ec000000,0x00000000ec080000)
  to   space 1024K, 0% used [0x00000000ec080000,0x00000000ec080000,0x00000000ec180000)
 ParOldGen       total 68608K, used 39049K [0x00000000c0000000, 0x00000000c4300000, 0x00000000eab00000)
  object space 68608K, 56% used [0x00000000c0000000,0x00000000c2622410,0x00000000c4300000)
 Metaspace       used 59881K, committed 61056K, reserved 1114112K
  class space    used 6458K, committed 6976K, reserved 1048576K
}
Event: 47.581 GC heap after
{Heap after GC invocations=33 (full 3):
 PSYoungGen      total 21504K, used 992K [0x00000000eab00000, 0x00000000ec280000, 0x0000000100000000)
  eden space 20480K, 0% used [0x00000000eab00000,0x00000000eab00000,0x00000000ebf00000)
  from space 1024K, 96% used [0x00000000ec080000,0x00000000ec178010,0x00000000ec180000)
  to   space 1536K, 0% used [0x00000000ebf00000,0x00000000ebf00000,0x00000000ec080000)
 ParOldGen       total 68608K, used 39112K [0x00000000c0000000, 0x00000000c4300000, 0x00000000eab00000)
  object space 68608K, 57% used [0x00000000c0000000,0x00000000c26321a8,0x00000000c4300000)
 Metaspace       used 59881K, committed 61056K, reserved 1114112K
  class space    used 6458K, committed 6976K, reserved 1048576K
}

Dll operation events (10 events):
Event: 0.060 Loaded shared library c:\Users\Linus Torvaldes\.vscode\extensions\redhat.java-1.25.1-win32-x64\jre\17.0.9-win32-x86_64\bin\java.dll
Event: 0.789 Loaded shared library c:\Users\Linus Torvaldes\.vscode\extensions\redhat.java-1.25.1-win32-x64\jre\17.0.9-win32-x86_64\bin\zip.dll
Event: 0.836 Loaded shared library C:\Users\Linus Torvaldes\.vscode\extensions\redhat.java-1.25.1-win32-x64\jre\17.0.9-win32-x86_64\bin\instrument.dll
Event: 0.888 Loaded shared library C:\Users\Linus Torvaldes\.vscode\extensions\redhat.java-1.25.1-win32-x64\jre\17.0.9-win32-x86_64\bin\net.dll
Event: 0.924 Loaded shared library C:\Users\Linus Torvaldes\.vscode\extensions\redhat.java-1.25.1-win32-x64\jre\17.0.9-win32-x86_64\bin\nio.dll
Event: 0.940 Loaded shared library C:\Users\Linus Torvaldes\.vscode\extensions\redhat.java-1.25.1-win32-x64\jre\17.0.9-win32-x86_64\bin\zip.dll
Event: 1.008 Loaded shared library C:\Users\Linus Torvaldes\.vscode\extensions\redhat.java-1.25.1-win32-x64\jre\17.0.9-win32-x86_64\bin\jimage.dll
Event: 1.276 Loaded shared library c:\Users\Linus Torvaldes\.vscode\extensions\redhat.java-1.25.1-win32-x64\jre\17.0.9-win32-x86_64\bin\verify.dll
Event: 7.578 Loaded shared library C:\Users\Linus Torvaldes\AppData\Roaming\Code\User\globalStorage\redhat.java\1.25.1\config_win\org.eclipse.equinox.launcher\org.eclipse.equinox.launcher.win32.win32.x86_64_1.2.800.v20231003-1442\eclipse_11802.dll
Event: 22.737 Loaded shared library C:\Users\Linus Torvaldes\AppData\Local\Temp\jna--872042697\jna6945861755325202007.dll

Deoptimization events (20 events):
Event: 47.958 Thread 0x0000018730059440 DEOPT PACKING pc=0x00000187205f5318 sp=0x0000003d7bafe0b0
Event: 47.958 Thread 0x0000018730057af0 DEOPT PACKING pc=0x00000187205f5318 sp=0x0000003d7bcfe4e0
Event: 47.958 Thread 0x0000018730059440 DEOPT UNPACKING pc=0x000001871fc066a3 sp=0x0000003d7bafe050 mode 2
Event: 47.958 Thread 0x0000018730057af0 DEOPT UNPACKING pc=0x000001871fc066a3 sp=0x0000003d7bcfe480 mode 2
Event: 47.958 Thread 0x0000018730059440 Uncommon trap: trap_request=0xffffffbe fr.pc=0x00000187205f5318 relative=0x0000000000000378
Event: 47.959 Thread 0x0000018730059440 Uncommon trap: reason=profile_predicate action=maybe_recompile pc=0x00000187205f5318 method=java.util.regex.Pattern$Slice.match(Ljava/util/regex/Matcher;ILjava/lang/CharSequence;)Z @ 18 c2
Event: 47.959 Thread 0x0000018730057af0 Uncommon trap: trap_request=0xffffffbe fr.pc=0x00000187205f5318 relative=0x0000000000000378
Event: 47.959 Thread 0x0000018730057af0 Uncommon trap: reason=profile_predicate action=maybe_recompile pc=0x00000187205f5318 method=java.util.regex.Pattern$Slice.match(Ljava/util/regex/Matcher;ILjava/lang/CharSequence;)Z @ 18 c2
Event: 47.959 Thread 0x0000018730059440 DEOPT PACKING pc=0x00000187205f5318 sp=0x0000003d7bafe0b0
Event: 47.959 Thread 0x0000018730059440 DEOPT UNPACKING pc=0x000001871fc066a3 sp=0x0000003d7bafe050 mode 2
Event: 47.959 Thread 0x0000018730057af0 DEOPT PACKING pc=0x00000187205f5318 sp=0x0000003d7bcfe4e0
Event: 47.959 Thread 0x0000018730057af0 DEOPT UNPACKING pc=0x000001871fc066a3 sp=0x0000003d7bcfe480 mode 2
Event: 47.960 Thread 0x0000018730059950 Uncommon trap: trap_request=0xffffff45 fr.pc=0x00000187203e2384 relative=0x0000000000002124
Event: 47.960 Thread 0x0000018730059950 Uncommon trap: reason=unstable_if action=reinterpret pc=0x00000187203e2384 method=org.codehaus.plexus.util.xml.pull.MXParser.isS(C)Z @ 21 c2
Event: 47.962 Thread 0x0000018730059950 DEOPT PACKING pc=0x00000187203e2384 sp=0x0000003d7bbfe2a0
Event: 47.962 Thread 0x0000018730059950 DEOPT UNPACKING pc=0x000001871fc066a3 sp=0x0000003d7bbfe1e8 mode 2
Event: 48.027 Thread 0x0000018730054340 Uncommon trap: trap_request=0xffffff45 fr.pc=0x00000187205c3610 relative=0x0000000000000550
Event: 48.027 Thread 0x0000018730054340 Uncommon trap: reason=unstable_if action=reinterpret pc=0x00000187205c3610 method=java.lang.String.regionMatches(ZILjava/lang/String;II)Z @ 21 c2
Event: 48.027 Thread 0x0000018730054340 DEOPT PACKING pc=0x00000187205c3610 sp=0x0000003d7befe930
Event: 48.027 Thread 0x0000018730054340 DEOPT UNPACKING pc=0x000001871fc066a3 sp=0x0000003d7befe8d8 mode 2

Classes unloaded (7 events):
Event: 13.160 Thread 0x000001872980b920 Unloading class 0x000000010024c000 'java/lang/invoke/LambdaForm$MH+0x000000010024c000'
Event: 13.160 Thread 0x000001872980b920 Unloading class 0x000000010024bc00 'java/lang/invoke/LambdaForm$MH+0x000000010024bc00'
Event: 13.160 Thread 0x000001872980b920 Unloading class 0x000000010024b800 'java/lang/invoke/LambdaForm$MH+0x000000010024b800'
Event: 13.160 Thread 0x000001872980b920 Unloading class 0x000000010024b400 'java/lang/invoke/LambdaForm$MH+0x000000010024b400'
Event: 13.160 Thread 0x000001872980b920 Unloading class 0x000000010024b000 'java/lang/invoke/LambdaForm$BMH+0x000000010024b000'
Event: 13.160 Thread 0x000001872980b920 Unloading class 0x000000010024ac00 'java/lang/invoke/LambdaForm$DMH+0x000000010024ac00'
Event: 13.160 Thread 0x000001872980b920 Unloading class 0x0000000100248000 'java/lang/invoke/LambdaForm$DMH+0x0000000100248000'

Classes redefined (0 events):
No events

Internal exceptions (20 events):
Event: 39.682 Thread 0x000001872ecca020 Exception <a 'sun/nio/fs/WindowsException'{0x00000000eb270830}> (0x00000000eb270830) 
thrown [s\src\hotspot\share\prims\jni.cpp, line 516]
Event: 39.888 Thread 0x000001872ecc8be0 Exception <a 'java/lang/NoSuchMethodError'{0x00000000eb37a808}: 'java.lang.Object java.lang.invoke.DirectMethodHandle$Holder.invokeInterface(java.lang.Object, java.lang.Object, java.lang.Object, java.lang.Object)'> (0x00000000eb37a808) 
thrown [s\src\hotspot\share\interpreter\linkResolver.cpp, line 759]
Event: 40.049 Thread 0x0000018730053e30 Exception <a 'java/lang/NoSuchMethodError'{0x00000000eb4c8090}: 'java.lang.Object java.lang.invoke.DirectMethodHandle$Holder.invokeInterface(java.lang.Object, java.lang.Object, java.lang.Object)'> (0x00000000eb4c8090) 
thrown [s\src\hotspot\share\interpreter\linkResolver.cpp, line 759]
Event: 45.366 Thread 0x000001872ecc8be0 Exception <a 'java/lang/NoSuchMethodError'{0x00000000ebcf4da8}: 'java.lang.Object java.lang.invoke.DirectMethodHandle$Holder.invokeStatic(java.lang.Object, int, java.lang.Object, java.lang.Object)'> (0x00000000ebcf4da8) 
thrown [s\src\hotspot\share\interpreter\linkResolver.cpp, line 759]
Event: 45.368 Thread 0x000001872ecc8be0 Exception <a 'java/lang/NoSuchMethodError'{0x00000000ebcf8b90}: 'java.lang.Object java.lang.invoke.DelegatingMethodHandle$Holder.delegate(java.lang.Object, int, java.lang.Object, java.lang.Object)'> (0x00000000ebcf8b90) 
thrown [s\src\hotspot\share\interpreter\linkResolver.cpp, line 759]
Event: 45.380 Thread 0x000001872ecc8be0 Exception <a 'java/lang/NoSuchMethodError'{0x00000000ebd97b48}: 'int java.lang.invoke.Invokers$Holder.linkToTargetMethod(java.lang.Object, java.lang.Object, java.lang.Object)'> (0x00000000ebd97b48) 
thrown [s\src\hotspot\share\interpreter\linkResolver.cpp, line 759]
Event: 45.426 Thread 0x000001872ecc8be0 Exception <a 'java/lang/NoSuchMethodError'{0x00000000ebdf2e78}: 'java.lang.Object java.lang.invoke.DirectMethodHandle$Holder.newInvokeSpecial(java.lang.Object, java.lang.Object, java.lang.Object, java.lang.Object, java.lang.Object, java.lang.Object, java.lang.Object, java.lang.Object)'> (0x00000000ebdf2e78) 
thrown [s\src\hotspot\share\interpreter\linkResolver.cpp, line 759]
Event: 45.427 Thread 0x000001872ecc8be0 Exception <a 'java/lang/NoSuchMethodError'{0x00000000ebdf78d8}: 'java.lang.Object java.lang.invoke.Invokers$Holder.linkToTargetMethod(java.lang.Object, java.lang.Object, java.lang.Object, java.lang.Object, java.lang.Object, java.lang.Object, java.lang.Object, java.lang.Object)'> (0x00000000ebdf78d8) 
thrown [s\src\hotspot\share\interpreter\linkResolver.cpp, line 759]
Event: 45.430 Thread 0x000001872ecc8be0 Exception <a 'java/lang/NoSuchMethodError'{0x00000000ebe0abf8}: 'java.lang.Object java.lang.invoke.DirectMethodHandle$Holder.invokeStatic(java.lang.Object, java.lang.Object, int, java.lang.Object, java.lang.Object)'> (0x00000000ebe0abf8) 
thrown [s\src\hotspot\share\interpreter\linkResolver.cpp, line 759]
Event: 45.431 Thread 0x000001872ecc8be0 Exception <a 'java/lang/NoSuchMethodError'{0x00000000ebe11e80}: 'java.lang.Object java.lang.invoke.DirectMethodHandle$Holder.newInvokeSpecial(java.lang.Object, java.lang.Object, int)'> (0x00000000ebe11e80) 
thrown [s\src\hotspot\share\interpreter\linkResolver.cpp, line 759]
Event: 45.566 Thread 0x000001872ecc8be0 Exception <a 'java/lang/NoSuchMethodError'{0x00000000ebf4b1e8}: 'void java.lang.invoke.DirectMethodHandle$Holder.invokeStatic(java.lang.Object, int)'> (0x00000000ebf4b1e8) 
thrown [s\src\hotspot\share\interpreter\linkResolver.cpp, line 759]
Event: 45.750 Thread 0x000001872ecc8be0 Implicit null exception at 0x00000187204d6e93 to 0x00000187204d7534
Event: 45.942 Thread 0x000001872ecc8be0 Exception <a 'java/io/FileNotFoundException'{0x00000000eb265ee0}> (0x00000000eb265ee0) 
thrown [s\src\hotspot\share\prims\jni.cpp, line 516]
Event: 46.126 Thread 0x000001872ecc8be0 Implicit null exception at 0x000001872058217b to 0x0000018720582824
Event: 46.276 Thread 0x000001872ecc8be0 Exception <a 'java/lang/NoSuchMethodError'{0x00000000eb6f2a68}: 'int java.lang.invoke.DirectMethodHandle$Holder.invokeSpecialIFC(java.lang.Object, java.lang.Object, java.lang.Object)'> (0x00000000eb6f2a68) 
thrown [s\src\hotspot\share\interpreter\linkResolver.cpp, line 759]
Event: 46.343 Thread 0x000001872ecc8be0 Implicit null exception at 0x00000187205867ce to 0x0000018720586e40
Event: 46.471 Thread 0x000001872ecc8be0 Exception <a 'java/lang/NoSuchMethodError'{0x00000000ebc92918}: 'java.lang.Object java.lang.invoke.Invokers$Holder.linkToTargetMethod(java.lang.Object, java.lang.Object, java.lang.Object, java.lang.Object, java.lang.Object, java.lang.Object, java.lang.Object)'> (0x00000000ebc92918) 
thrown [s\src\hotspot\share\interpreter\linkResolver.cpp, line 759]
Event: 46.503 Thread 0x000001872ecc8be0 Exception <a 'java/lang/NoSuchMethodError'{0x00000000ebd8ae28}: 'void java.lang.invoke.DirectMethodHandle$Holder.invokeInterface(java.lang.Object, java.lang.Object)'> (0x00000000ebd8ae28) 
thrown [s\src\hotspot\share\interpreter\linkResolver.cpp, line 759]
Event: 46.585 Thread 0x000001872ecc8be0 Exception <a 'java/lang/NoSuchMethodError'{0x00000000ebe7ff98}: 'java.lang.Object java.lang.invoke.DirectMethodHandle$Holder.newInvokeSpecial(java.lang.Object, java.lang.Object, java.lang.Object, java.lang.Object, java.lang.Object, java.lang.Object)'> (0x00000000ebe7ff98) 
thrown [s\src\hotspot\share\interpreter\linkResolver.cpp, line 759]
Event: 46.628 Thread 0x0000018730058a20 Exception <a 'java/lang/NoSuchMethodError'{0x00000000ebf5d740}: 'void java.lang.invoke.DirectMethodHandle$Holder.invokeSpecial(java.lang.Object, java.lang.Object, java.lang.Object, java.lang.Object, java.lang.Object, java.lang.Object, java.lang.Object, java.lang.Object)'> (0x00000000ebf5d740) 
thrown [s\src\hotspot\share\interpreter\linkResolver.cpp, line 759]

VM Operations (20 events):
Event: 42.995 Executing VM operation: ParallelGCFailedAllocation
Event: 43.011 Executing VM operation: ParallelGCFailedAllocation done
Event: 43.132 Executing VM operation: HandshakeAllThreads
Event: 43.132 Executing VM operation: HandshakeAllThreads done
Event: 44.133 Executing VM operation: ParallelGCFailedAllocation
Event: 44.138 Executing VM operation: ParallelGCFailedAllocation done
Event: 45.141 Executing VM operation: Cleanup
Event: 45.141 Executing VM operation: Cleanup done
Event: 45.274 Executing VM operation: HandshakeAllThreads
Event: 45.274 Executing VM operation: HandshakeAllThreads done
Event: 45.593 Executing VM operation: ParallelGCFailedAllocation
Event: 45.598 Executing VM operation: ParallelGCFailedAllocation done
Event: 45.849 Executing VM operation: HandshakeAllThreads
Event: 45.849 Executing VM operation: HandshakeAllThreads done
Event: 46.632 Executing VM operation: ParallelGCFailedAllocation
Event: 46.637 Executing VM operation: ParallelGCFailedAllocation done
Event: 46.682 Executing VM operation: CollectForMetadataAllocation
Event: 46.848 Executing VM operation: CollectForMetadataAllocation done
Event: 47.579 Executing VM operation: ParallelGCFailedAllocation
Event: 47.582 Executing VM operation: ParallelGCFailedAllocation done

Events (20 events):
Event: 46.592 Thread 0x00000187300566b0 Thread added: 0x00000187300566b0
Event: 46.652 loading class java/util/concurrent/locks/ReentrantReadWriteLock$Sync$HoldCounter
Event: 46.652 loading class java/util/concurrent/locks/ReentrantReadWriteLock$Sync$HoldCounter done
Event: 46.864 loading class java/util/Collections$UnmodifiableSortedSet
Event: 46.864 loading class java/util/Collections$UnmodifiableSortedSet done
Event: 46.966 loading class sun/nio/cs/ISO_8859_1$Decoder
Event: 46.966 loading class sun/nio/cs/ISO_8859_1$Decoder done
Event: 47.004 Thread 0x0000018730059440 Thread exited: 0x0000018730059440
Event: 47.004 Thread 0x00000187300566b0 Thread exited: 0x00000187300566b0
Event: 47.004 Thread 0x0000018730058a20 Thread exited: 0x0000018730058a20
Event: 47.005 Thread 0x0000018730059e60 Thread exited: 0x0000018730059e60
Event: 47.005 Thread 0x0000018730059950 Thread exited: 0x0000018730059950
Event: 47.091 loading class java/util/regex/Pattern$Caret
Event: 47.091 loading class java/util/regex/Pattern$Caret done
Event: 47.420 Thread 0x000001873005b9f0 Thread added: 0x000001873005b9f0
Event: 47.766 Thread 0x0000018730059440 Thread added: 0x0000018730059440
Event: 47.766 Thread 0x0000018730059950 Thread added: 0x0000018730059950
Event: 47.766 Thread 0x0000018730057af0 Thread added: 0x0000018730057af0
Event: 47.766 Thread 0x0000018730059e60 Thread added: 0x0000018730059e60
Event: 47.766 Thread 0x0000018730054340 Thread added: 0x0000018730054340


Dynamic libraries:
0x00007ff7aabb0000 - 0x00007ff7aabbe000 	c:\Users\Linus Torvaldes\.vscode\extensions\redhat.java-1.25.1-win32-x64\jre\17.0.9-win32-x86_64\bin\java.exe
0x00007ffa82110000 - 0x00007ffa82308000 	C:\WINDOWS\SYSTEM32\ntdll.dll
0x00007ffa80cf0000 - 0x00007ffa80daf000 	C:\WINDOWS\System32\KERNEL32.DLL
0x00007ffa7fdb0000 - 0x00007ffa800a6000 	C:\WINDOWS\System32\KERNELBASE.dll
0x00007ffa7fc00000 - 0x00007ffa7fd00000 	C:\WINDOWS\System32\ucrtbase.dll
0x00007ffa7a2e0000 - 0x00007ffa7a2f7000 	c:\Users\Linus Torvaldes\.vscode\extensions\redhat.java-1.25.1-win32-x64\jre\17.0.9-win32-x86_64\bin\jli.dll
0x00007ffa818e0000 - 0x00007ffa81a7d000 	C:\WINDOWS\System32\USER32.dll
0x00007ffa7fb10000 - 0x00007ffa7fb32000 	C:\WINDOWS\System32\win32u.dll
0x00007ffa80c90000 - 0x00007ffa80cbc000 	C:\WINDOWS\System32\GDI32.dll
0x00007ffa7f950000 - 0x00007ffa7fa65000 	C:\WINDOWS\System32\gdi32full.dll
0x00007ffa7fa70000 - 0x00007ffa7fb0d000 	C:\WINDOWS\System32\msvcp_win.dll
0x00007ffa75960000 - 0x00007ffa7597b000 	c:\Users\Linus Torvaldes\.vscode\extensions\redhat.java-1.25.1-win32-x64\jre\17.0.9-win32-x86_64\bin\VCRUNTIME140.dll
0x00007ffa6ec80000 - 0x00007ffa6ef1a000 	C:\WINDOWS\WinSxS\amd64_microsoft.windows.common-controls_6595b64144ccf1df_6.0.19041.1110_none_60b5254171f9507e\COMCTL32.dll
0x00007ffa80a00000 - 0x00007ffa80a9e000 	C:\WINDOWS\System32\msvcrt.dll
0x00007ffa80cc0000 - 0x00007ffa80cf0000 	C:\WINDOWS\System32\IMM32.DLL
0x00007ffa7b2e0000 - 0x00007ffa7b2ec000 	c:\Users\Linus Torvaldes\.vscode\extensions\redhat.java-1.25.1-win32-x64\jre\17.0.9-win32-x86_64\bin\vcruntime140_1.dll
0x00007ffa6b5c0000 - 0x00007ffa6b64d000 	c:\Users\Linus Torvaldes\.vscode\extensions\redhat.java-1.25.1-win32-x64\jre\17.0.9-win32-x86_64\bin\msvcp140.dll
0x00007ffa427c0000 - 0x00007ffa43421000 	c:\Users\Linus Torvaldes\.vscode\extensions\redhat.java-1.25.1-win32-x64\jre\17.0.9-win32-x86_64\bin\server\jvm.dll
0x00007ffa82020000 - 0x00007ffa820cf000 	C:\WINDOWS\System32\ADVAPI32.dll
0x00007ffa81840000 - 0x00007ffa818dc000 	C:\WINDOWS\System32\sechost.dll
0x00007ffa80db0000 - 0x00007ffa80ed6000 	C:\WINDOWS\System32\RPCRT4.dll
0x00007ffa7ed70000 - 0x00007ffa7edbb000 	C:\WINDOWS\SYSTEM32\POWRPROF.dll
0x00007ffa6cfe0000 - 0x00007ffa6cfe9000 	C:\WINDOWS\SYSTEM32\WSOCK32.dll
0x00007ffa81d60000 - 0x00007ffa81dcb000 	C:\WINDOWS\System32\WS2_32.dll
0x00007ffa70800000 - 0x00007ffa70827000 	C:\WINDOWS\SYSTEM32\WINMM.dll
0x00007ffa72420000 - 0x00007ffa7242a000 	C:\WINDOWS\SYSTEM32\VERSION.dll
0x00007ffa7ebe0000 - 0x00007ffa7ebf2000 	C:\WINDOWS\SYSTEM32\UMPDC.dll
0x00007ffa7dfd0000 - 0x00007ffa7dfe2000 	C:\WINDOWS\SYSTEM32\kernel.appcore.dll
0x00007ffa7a620000 - 0x00007ffa7a62a000 	c:\Users\Linus Torvaldes\.vscode\extensions\redhat.java-1.25.1-win32-x64\jre\17.0.9-win32-x86_64\bin\jimage.dll
0x00007ffa76100000 - 0x00007ffa762e4000 	C:\WINDOWS\SYSTEM32\DBGHELP.DLL
0x00007ffa6cc80000 - 0x00007ffa6ccb4000 	C:\WINDOWS\SYSTEM32\dbgcore.DLL
0x00007ffa7fb40000 - 0x00007ffa7fbc2000 	C:\WINDOWS\System32\bcryptPrimitives.dll
0x00007ffa799d0000 - 0x00007ffa799de000 	c:\Users\Linus Torvaldes\.vscode\extensions\redhat.java-1.25.1-win32-x64\jre\17.0.9-win32-x86_64\bin\instrument.dll
0x00007ffa6d7c0000 - 0x00007ffa6d7e5000 	c:\Users\Linus Torvaldes\.vscode\extensions\redhat.java-1.25.1-win32-x64\jre\17.0.9-win32-x86_64\bin\java.dll
0x00007ffa75720000 - 0x00007ffa75738000 	c:\Users\Linus Torvaldes\.vscode\extensions\redhat.java-1.25.1-win32-x64\jre\17.0.9-win32-x86_64\bin\zip.dll
0x00007ffa80170000 - 0x00007ffa808b4000 	C:\WINDOWS\System32\SHELL32.dll
0x00007ffa7d750000 - 0x00007ffa7dee3000 	C:\WINDOWS\SYSTEM32\windows.storage.dll
0x00007ffa814e0000 - 0x00007ffa81834000 	C:\WINDOWS\System32\combase.dll
0x00007ffa7f160000 - 0x00007ffa7f18e000 	C:\WINDOWS\SYSTEM32\Wldp.dll
0x00007ffa81dd0000 - 0x00007ffa81e7d000 	C:\WINDOWS\System32\SHCORE.dll
0x00007ffa813f0000 - 0x00007ffa81445000 	C:\WINDOWS\System32\shlwapi.dll
0x00007ffa7f730000 - 0x00007ffa7f74f000 	C:\WINDOWS\SYSTEM32\profapi.dll
0x00007ffa71070000 - 0x00007ffa71089000 	C:\Users\Linus Torvaldes\.vscode\extensions\redhat.java-1.25.1-win32-x64\jre\17.0.9-win32-x86_64\bin\net.dll
0x00007ffa72cc0000 - 0x00007ffa72dca000 	C:\WINDOWS\SYSTEM32\WINHTTP.dll
0x00007ffa7ef40000 - 0x00007ffa7efaa000 	C:\WINDOWS\system32\mswsock.dll
0x00007ffa6fc90000 - 0x00007ffa6fca6000 	C:\Users\Linus Torvaldes\.vscode\extensions\redhat.java-1.25.1-win32-x64\jre\17.0.9-win32-x86_64\bin\nio.dll
0x00007ffa77c30000 - 0x00007ffa77c40000 	c:\Users\Linus Torvaldes\.vscode\extensions\redhat.java-1.25.1-win32-x64\jre\17.0.9-win32-x86_64\bin\verify.dll
0x00007ffa69810000 - 0x00007ffa6984e000 	C:\Users\Linus Torvaldes\AppData\Roaming\Code\User\globalStorage\redhat.java\1.25.1\config_win\org.eclipse.equinox.launcher\org.eclipse.equinox.launcher.win32.win32.x86_64_1.2.800.v20231003-1442\eclipse_11802.dll
0x00007ffa81a80000 - 0x00007ffa81baa000 	C:\WINDOWS\System32\ole32.dll
0x00007ffa7f4d0000 - 0x00007ffa7f4e8000 	C:\WINDOWS\SYSTEM32\CRYPTSP.dll
0x00007ffa7e810000 - 0x00007ffa7e844000 	C:\WINDOWS\system32\rsaenh.dll
0x00007ffa7fbd0000 - 0x00007ffa7fbf7000 	C:\WINDOWS\System32\bcrypt.dll
0x00007ffa7f6f0000 - 0x00007ffa7f71e000 	C:\WINDOWS\SYSTEM32\USERENV.dll
0x00007ffa7f0d0000 - 0x00007ffa7f0dc000 	C:\WINDOWS\SYSTEM32\CRYPTBASE.dll
0x00007ffa7ec00000 - 0x00007ffa7ec3c000 	C:\WINDOWS\SYSTEM32\IPHLPAPI.DLL
0x00007ffa80f40000 - 0x00007ffa80f48000 	C:\WINDOWS\System32\NSI.dll
0x00007ffa73a50000 - 0x00007ffa73a67000 	C:\WINDOWS\SYSTEM32\dhcpcsvc6.DLL
0x00007ffa75580000 - 0x00007ffa7559d000 	C:\WINDOWS\SYSTEM32\dhcpcsvc.DLL
0x00007ffa7ec50000 - 0x00007ffa7ed1a000 	C:\WINDOWS\SYSTEM32\DNSAPI.dll
0x00007ffa526c0000 - 0x00007ffa52705000 	C:\Users\Linus Torvaldes\AppData\Local\Temp\jna--872042697\jna6945861755325202007.dll
0x00007ffa80f50000 - 0x00007ffa80f58000 	C:\WINDOWS\System32\PSAPI.DLL

dbghelp: loaded successfully - version: 4.0.5 - missing functions: none
symbol engine: initialized successfully - sym options: 0x614 - pdb path: .;c:\Users\Linus Torvaldes\.vscode\extensions\redhat.java-1.25.1-win32-x64\jre\17.0.9-win32-x86_64\bin;C:\WINDOWS\SYSTEM32;C:\WINDOWS\WinSxS\amd64_microsoft.windows.common-controls_6595b64144ccf1df_6.0.19041.1110_none_60b5254171f9507e;c:\Users\Linus Torvaldes\.vscode\extensions\redhat.java-1.25.1-win32-x64\jre\17.0.9-win32-x86_64\bin\server;C:\Users\Linus Torvaldes\AppData\Roaming\Code\User\globalStorage\redhat.java\1.25.1\config_win\org.eclipse.equinox.launcher\org.eclipse.equinox.launcher.win32.win32.x86_64_1.2.800.v20231003-1442;C:\Users\Linus Torvaldes\AppData\Local\Temp\jna--872042697

VM Arguments:
jvm_args: --add-modules=ALL-SYSTEM --add-opens=java.base/java.util=ALL-UNNAMED --add-opens=java.base/java.lang=ALL-UNNAMED --add-opens=java.base/sun.nio.fs=ALL-UNNAMED -Declipse.application=org.eclipse.jdt.ls.core.id1 -Dosgi.bundles.defaultStartLevel=4 -Declipse.product=org.eclipse.jdt.ls.core.product -Djava.import.generatesMetadataFilesAtProjectRoot=false -DDetectVMInstallationsJob.disabled=true -Dfile.encoding=utf8 -XX:+UseParallelGC -XX:GCTimeRatio=4 -XX:AdaptiveSizePolicyWeight=90 -Dsun.zip.disableMemoryMapping=true -Xmx1G -Xms100m -Xlog:disable -javaagent:c:\Users\Linus Torvaldes\.vscode\extensions\redhat.java-1.25.1-win32-x64\lombok\lombok-1.18.30.jar -XX:+HeapDumpOnOutOfMemoryError -XX:HeapDumpPath=c:\Users\Linus Torvaldes\AppData\Roaming\Code\User\workspaceStorage\a2505892c42f7b9f55e771f11512b4d2\redhat.java -Daether.dependencyCollector.impl=bf 
java_command: c:\Users\Linus Torvaldes\.vscode\extensions\redhat.java-1.25.1-win32-x64\server\plugins\org.eclipse.equinox.launcher_1.6.600.v20231106-1826.jar -configuration c:\Users\Linus Torvaldes\AppData\Roaming\Code\User\globalStorage\redhat.java\1.25.1\config_win -data c:\Users\Linus Torvaldes\AppData\Roaming\Code\User\workspaceStorage\a2505892c42f7b9f55e771f11512b4d2\redhat.java\jdt_ws --stdio
java_class_path (initial): c:\Users\Linus Torvaldes\.vscode\extensions\redhat.java-1.25.1-win32-x64\server\plugins\org.eclipse.equinox.launcher_1.6.600.v20231106-1826.jar
Launcher Type: SUN_STANDARD

[Global flags]
    uintx AdaptiveSizePolicyWeight                 = 90                                        {product} {command line}
     intx CICompilerCount                          = 3                                         {product} {ergonomic}
    uintx GCTimeRatio                              = 4                                         {product} {command line}
     bool HeapDumpOnOutOfMemoryError               = true                                   {manageable} {command line}
    ccstr HeapDumpPath                             = c:\Users\Linus Torvaldes\AppData\Roaming\Code\User\workspaceStorage\a2505892c42f7b9f55e771f11512b4d2\redhat.java         {manageable} {command line}
   size_t InitialHeapSize                          = 104857600                                 {product} {command line}
   size_t MaxHeapSize                              = 1073741824                                {product} {command line}
   size_t MaxNewSize                               = 357564416                                 {product} {ergonomic}
   size_t MinHeapDeltaBytes                        = 524288                                    {product} {ergonomic}
   size_t MinHeapSize                              = 104857600                                 {product} {command line}
   size_t NewSize                                  = 34603008                                  {product} {ergonomic}
    uintx NonNMethodCodeHeapSize                   = 5832780                                {pd product} {ergonomic}
    uintx NonProfiledCodeHeapSize                  = 122912730                              {pd product} {ergonomic}
   size_t OldSize                                  = 70254592                                  {product} {ergonomic}
    uintx ProfiledCodeHeapSize                     = 122912730                              {pd product} {ergonomic}
    uintx ReservedCodeCacheSize                    = 251658240                              {pd product} {ergonomic}
     bool SegmentedCodeCache                       = true                                      {product} {ergonomic}
   size_t SoftMaxHeapSize                          = 1073741824                             {manageable} {ergonomic}
     bool UseCompressedClassPointers               = true                           {product lp64_product} {ergonomic}
     bool UseCompressedOops                        = true                           {product lp64_product} {ergonomic}
     bool UseLargePagesIndividualAllocation        = false                                  {pd product} {ergonomic}
     bool UseParallelGC                            = true                                      {product} {command line}

Logging:
Log output configuration:
 #0: stdout all=off uptime,level,tags
 #1: stderr all=off uptime,level,tags

Environment Variables:
JAVA_HOME=D:\jdk-17.0.9_windows-x64_bin\jdk-17.0.9
PATH=E:\oracle\app\bin;C:\Program Files\Common Files\Oracle\Java\javapath;C:\Program Files (x86)\Common Files\Oracle\Java\javapath;C:\Python39\Scripts\;C:\Python39\;C:\WINDOWS\system32;C:\WINDOWS;C:\WINDOWS\System32\Wbem;C:\WINDOWS\System32\WindowsPowerShell\v1.0\;C:\WINDOWS\System32\OpenSSH\;C:\ProgramData\chocolatey\bin;C:\composer;C:\Program Files\OpenSSL-Win64\bin;C:\Users\Linus Torvaldes\AppData\Local\Programs\Python\Python311;E:\xamp php 8\php;C:\Program Files\Git\cmd;C:\Users\Linus Torvaldes\AppData\Local\Programs\Python\Python311\Scripts;C:\Program Files (x86)\Google\Google Apps Migration\;D:\apache-maven-3.9.5\bin;C:\Program Files\dotnet\;D:\apache-ant-1.10.14-bin\\bin;D:\jdk-17.0.9_windows-x64_bin\jdk-17.0.9\bin;C:\Program Files\nodejs\;C:\Users\Linus Torvaldes\.console-ninja\.bin;C:\Users\Linus Torvaldes\AppData\Local\Microsoft\WindowsApps;D:\pycharm installation\bin;C:\Users\Linus Torvaldes\AppData\Local\Programs\Microsoft VS Code\bin;C:\Users\Linus Torvaldes\AppData\Roaming\Composer\vendor\bin;C:\Program Files\Azure Data Studio\bin;C:\Users\Linus Torvaldes\.dotnet\tools;C:\Program Files\OpenSSL-Win64\bin;C:\php8;D:\Heroku CLI\heroku\bin;D:\apache-ant-1.10.14-bin\\bin;D:\jdk-17.0.9_windows-x64_bin\jdk-17.0.9\bin;C:\Users\Linus Torvaldes\AppData\Roaming\npm
USERNAME=Linus Torvaldes
OS=Windows_NT
PROCESSOR_IDENTIFIER=Intel64 Family 6 Model 61 Stepping 4, GenuineIntel
TMP=C:\Users\LINUST~1\AppData\Local\Temp
TEMP=C:\Users\LINUST~1\AppData\Local\Temp



Periodic native trim disabled


---------------  S Y S T E M  ---------------

OS:
 Windows 10 , 64 bit Build 19041 (10.0.19041.3031)
OS uptime: 0 days 12:53 hours
Hyper-V role detected

CPU: total 4 (initial active 4) (2 cores per cpu, 2 threads per core) family 6 model 61 stepping 4 microcode 0x2d, cx8, cmov, fxsr, ht, mmx, 3dnowpref, sse, sse2, sse3, ssse3, sse4.1, sse4.2, popcnt, lzcnt, tsc, tscinvbit, avx, avx2, aes, erms, clmul, bmi1, bmi2, rtm, adx, fma, vzeroupper, clflush, hv
Processor Information for all 4 processors :
  Max Mhz: 2295, Current Mhz: 2295, Mhz Limit: 2295

Memory: 4k page, system-wide physical 8080M (463M free)
TotalPageFile size 17436M (AvailPageFile size 0M)
current process WorkingSet (physical memory assigned to process): 234M, peak: 234M
current process commit charge ("private bytes"): 292M, peak: 297M

vm_info: OpenJDK 64-Bit Server VM (17.0.9+9) for windows-amd64 JRE (17.0.9+9), built on Oct 26 2023 14:01:42 by "admin" with MS VC++ 16.10 / 16.11 (VS2019)

END.
